app/build/intermediates/manifest_merge_blame_file/debug/manifest-merger-blame-debug-report.txt
1<?xml version="1.0" encoding="utf-8"?>
2<manifest xmlns:android="http://schemas.android.com/apk/res/android"
3    package="com.example.kingearnuser"
4    android:versionCode="1"
5    android:versionName="1.0" >
6
7    <uses-sdk
8        android:minSdkVersion="21"
8-->src\main\AndroidManifest.xml
9        android:targetSdkVersion="34" />
9-->src\main\AndroidManifest.xml
10
11    <uses-permission android:name="android.permission.BLUETOOTH_CONNECT" />
11-->src\main\AndroidManifest.xml:6:5-76
11-->src\main\AndroidManifest.xml:6:22-73
12    <uses-permission android:name="android.permission.ACCESS_NETWORK_STATE" />
12-->src\main\AndroidManifest.xml:7:5-79
12-->src\main\AndroidManifest.xml:7:22-76
13    <uses-permission android:name="android.permission.INTERNET" />
13-->src\main\AndroidManifest.xml:8:5-67
13-->src\main\AndroidManifest.xml:8:22-64
14    <uses-permission android:name="android.permission.POST_NOTIFICATIONS" />
14-->src\main\AndroidManifest.xml:9:5-77
14-->src\main\AndroidManifest.xml:9:22-74
15    <uses-permission
15-->src\main\AndroidManifest.xml:10:5-11:38
16        android:name="android.permission.READ_EXTERNAL_STORAGE"
16-->src\main\AndroidManifest.xml:10:22-77
17        android:maxSdkVersion="32" />
17-->src\main\AndroidManifest.xml:11:9-35
18    <uses-permission
18-->src\main\AndroidManifest.xml:12:5-14:40
19        android:name="android.permission.WRITE_EXTERNAL_STORAGE"
19-->src\main\AndroidManifest.xml:12:22-78
20        android:maxSdkVersion="32" />
20-->src\main\AndroidManifest.xml:13:9-35
21    <uses-permission android:name="android.permission.ACCESS_NETWORK_CONDITIONS" />
21-->src\main\AndroidManifest.xml:15:5-16:47
21-->src\main\AndroidManifest.xml:15:22-81
22    <uses-permission android:name="com.google.android.gms.permission.AD_ID" />
22-->[com.google.android.gms:play-services-ads-lite:23.0.0] AndroidManifest.xml:26:5-79
22-->[com.google.android.gms:play-services-ads-lite:23.0.0] AndroidManifest.xml:26:22-76
23    <uses-permission android:name="android.permission.ACCESS_ADSERVICES_AD_ID" />
23-->[com.google.android.gms:play-services-ads-lite:23.0.0] AndroidManifest.xml:27:5-82
23-->[com.google.android.gms:play-services-ads-lite:23.0.0] AndroidManifest.xml:27:22-79
24    <uses-permission android:name="android.permission.ACCESS_ADSERVICES_ATTRIBUTION" />
24-->[com.google.android.gms:play-services-ads-lite:23.0.0] AndroidManifest.xml:28:5-88
24-->[com.google.android.gms:play-services-ads-lite:23.0.0] AndroidManifest.xml:28:22-85
25    <uses-permission android:name="android.permission.ACCESS_ADSERVICES_TOPICS" /> <!-- Android package visibility setting -->
25-->[com.google.android.gms:play-services-ads-lite:23.0.0] AndroidManifest.xml:29:5-83
25-->[com.google.android.gms:play-services-ads-lite:23.0.0] AndroidManifest.xml:29:22-80
26    <queries>
26-->[com.google.android.gms:play-services-ads-lite:23.0.0] AndroidManifest.xml:35:5-51:15
27
28        <!-- For browser content -->
29        <intent>
29-->[com.google.android.gms:play-services-ads-lite:23.0.0] AndroidManifest.xml:38:9-44:18
30            <action android:name="android.intent.action.VIEW" />
30-->[com.google.firebase:firebase-auth:22.3.1] AndroidManifest.xml:36:17-69
30-->[com.google.firebase:firebase-auth:22.3.1] AndroidManifest.xml:36:25-66
31
32            <category android:name="android.intent.category.BROWSABLE" />
32-->[com.google.firebase:firebase-auth:22.3.1] AndroidManifest.xml:39:17-78
32-->[com.google.firebase:firebase-auth:22.3.1] AndroidManifest.xml:39:27-75
33
34            <data android:scheme="https" />
34-->[com.google.firebase:firebase-auth:22.3.1] AndroidManifest.xml:41:17-44:51
34-->[com.google.firebase:firebase-auth:22.3.1] AndroidManifest.xml:44:21-48
35        </intent>
36        <!-- End of browser content -->
37        <!-- For CustomTabsService -->
38        <intent>
38-->[com.google.android.gms:play-services-ads-lite:23.0.0] AndroidManifest.xml:47:9-49:18
39            <action android:name="android.support.customtabs.action.CustomTabsService" />
39-->[com.google.android.gms:play-services-ads-lite:23.0.0] AndroidManifest.xml:48:13-90
39-->[com.google.android.gms:play-services-ads-lite:23.0.0] AndroidManifest.xml:48:21-87
40        </intent>
41        <!-- End of CustomTabsService -->
42    </queries>
43
44    <uses-permission android:name="com.google.android.providers.gsf.permission.READ_GSERVICES" />
44-->[com.google.android.recaptcha:recaptcha:18.4.0] AndroidManifest.xml:9:5-98
44-->[com.google.android.recaptcha:recaptcha:18.4.0] AndroidManifest.xml:9:22-95
45    <uses-permission android:name="android.permission.WAKE_LOCK" />
45-->[androidx.work:work-runtime:2.7.0] AndroidManifest.xml:25:5-68
45-->[androidx.work:work-runtime:2.7.0] AndroidManifest.xml:25:22-65
46    <uses-permission android:name="android.permission.FOREGROUND_SERVICE" />
46-->[androidx.work:work-runtime:2.7.0] AndroidManifest.xml:28:5-77
46-->[androidx.work:work-runtime:2.7.0] AndroidManifest.xml:28:22-74
47
48    <permission
48-->[androidx.core:core:1.9.0] AndroidManifest.xml:22:5-24:47
49        android:name="com.example.kingearnuser.DYNAMIC_RECEIVER_NOT_EXPORTED_PERMISSION"
49-->[androidx.core:core:1.9.0] AndroidManifest.xml:23:9-81
50        android:protectionLevel="signature" />
50-->[androidx.core:core:1.9.0] AndroidManifest.xml:24:9-44
51
52    <uses-permission android:name="com.example.kingearnuser.DYNAMIC_RECEIVER_NOT_EXPORTED_PERMISSION" />
52-->[androidx.core:core:1.9.0] AndroidManifest.xml:26:5-97
52-->[androidx.core:core:1.9.0] AndroidManifest.xml:26:22-94
53
54    <application
54-->src\main\AndroidManifest.xml:19:5-161:19
55        android:allowBackup="true"
55-->src\main\AndroidManifest.xml:20:9-35
56        android:appComponentFactory="androidx.core.app.CoreComponentFactory"
56-->[androidx.core:core:1.9.0] AndroidManifest.xml:28:18-86
57        android:debuggable="true"
58        android:icon="@drawable/app_icon"
58-->src\main\AndroidManifest.xml:23:9-42
59        android:label="@string/app_name"
59-->src\main\AndroidManifest.xml:21:9-41
60        android:largeHeap="true"
60-->src\main\AndroidManifest.xml:24:9-33
61        android:requestLegacyExternalStorage="true"
61-->src\main\AndroidManifest.xml:22:9-52
62        android:testOnly="true"
63        android:theme="@style/AppTheme"
63-->src\main\AndroidManifest.xml:26:9-40
64        android:usesCleartextTraffic="true" >
64-->src\main\AndroidManifest.xml:25:9-44
65        <meta-data
65-->src\main\AndroidManifest.xml:27:9-29:70
66            android:name="com.google.android.gms.ads.APPLICATION_ID"
66-->src\main\AndroidManifest.xml:28:13-69
67            android:value="ca-app-pub-3940256099942544~3347511713" />
67-->src\main\AndroidManifest.xml:29:13-67
68
69        <activity
69-->src\main\AndroidManifest.xml:30:5-41:16
70            android:name="com.example.kingearnuser.MainActivity"
70-->src\main\AndroidManifest.xml:31:9-37
71            android:configChanges="orientation|screenSize|keyboardHidden|smallestScreenSize|screenLayout"
71-->src\main\AndroidManifest.xml:32:9-102
72            android:exported="true"
72-->src\main\AndroidManifest.xml:34:9-32
73            android:hardwareAccelerated="true"
73-->src\main\AndroidManifest.xml:33:9-43
74            android:screenOrientation="portrait"
74-->src\main\AndroidManifest.xml:36:9-45
75            android:supportsPictureInPicture="true" >
75-->src\main\AndroidManifest.xml:35:9-48
76            <intent-filter>
76-->src\main\AndroidManifest.xml:37:9-40:25
77                <action android:name="android.intent.action.MAIN" />
77-->src\main\AndroidManifest.xml:38:13-65
77-->src\main\AndroidManifest.xml:38:21-62
78
79                <category android:name="android.intent.category.LAUNCHER" />
79-->src\main\AndroidManifest.xml:39:13-73
79-->src\main\AndroidManifest.xml:39:23-70
80            </intent-filter>
81        </activity>
82        <activity
82-->src\main\AndroidManifest.xml:42:5-47:48
83            android:name="com.example.kingearnuser.Activity.HomeActivity"
83-->src\main\AndroidManifest.xml:43:9-46
84            android:configChanges="orientation|screenSize|keyboardHidden|smallestScreenSize|screenLayout"
84-->src\main\AndroidManifest.xml:44:9-102
85            android:hardwareAccelerated="true"
85-->src\main\AndroidManifest.xml:45:9-43
86            android:screenOrientation="portrait"
86-->src\main\AndroidManifest.xml:47:9-45
87            android:supportsPictureInPicture="true" />
87-->src\main\AndroidManifest.xml:46:9-48
88        <activity
88-->src\main\AndroidManifest.xml:48:5-54:53
89            android:name="com.example.kingearnuser.Activity.NeterrorActivity"
89-->src\main\AndroidManifest.xml:49:9-50
90            android:configChanges="orientation|screenSize|keyboardHidden|smallestScreenSize|screenLayout"
90-->src\main\AndroidManifest.xml:50:9-102
91            android:hardwareAccelerated="true"
91-->src\main\AndroidManifest.xml:51:9-43
92            android:screenOrientation="portrait"
92-->src\main\AndroidManifest.xml:53:9-45
93            android:supportsPictureInPicture="true"
93-->src\main\AndroidManifest.xml:52:9-48
94            android:windowSoftInputMode="stateHidden" />
94-->src\main\AndroidManifest.xml:54:9-50
95        <activity
95-->src\main\AndroidManifest.xml:55:5-61:53
96            android:name="com.example.kingearnuser.Activity.ProfileActivity"
96-->src\main\AndroidManifest.xml:56:9-49
97            android:configChanges="orientation|screenSize|keyboardHidden|smallestScreenSize|screenLayout"
97-->src\main\AndroidManifest.xml:57:9-102
98            android:hardwareAccelerated="true"
98-->src\main\AndroidManifest.xml:58:9-43
99            android:screenOrientation="portrait"
99-->src\main\AndroidManifest.xml:60:9-45
100            android:supportsPictureInPicture="true"
100-->src\main\AndroidManifest.xml:59:9-48
101            android:windowSoftInputMode="stateHidden" />
101-->src\main\AndroidManifest.xml:61:9-50
102        <activity
102-->src\main\AndroidManifest.xml:62:5-68:53
103            android:name="com.example.kingearnuser.Activity.LoginActivity"
103-->src\main\AndroidManifest.xml:63:9-47
104            android:configChanges="orientation|screenSize|keyboardHidden|smallestScreenSize|screenLayout"
104-->src\main\AndroidManifest.xml:64:9-102
105            android:hardwareAccelerated="true"
105-->src\main\AndroidManifest.xml:65:9-43
106            android:screenOrientation="portrait"
106-->src\main\AndroidManifest.xml:67:9-45
107            android:supportsPictureInPicture="true"
107-->src\main\AndroidManifest.xml:66:9-48
108            android:windowSoftInputMode="stateHidden" />
108-->src\main\AndroidManifest.xml:68:9-50
109        <activity
109-->src\main\AndroidManifest.xml:69:5-75:53
110            android:name="com.example.kingearnuser.Activity.StartActivity"
110-->src\main\AndroidManifest.xml:70:9-47
111            android:configChanges="orientation|screenSize|keyboardHidden|smallestScreenSize|screenLayout"
111-->src\main\AndroidManifest.xml:71:9-102
112            android:hardwareAccelerated="true"
112-->src\main\AndroidManifest.xml:72:9-43
113            android:screenOrientation="portrait"
113-->src\main\AndroidManifest.xml:74:9-45
114            android:supportsPictureInPicture="true"
114-->src\main\AndroidManifest.xml:73:9-48
115            android:windowSoftInputMode="stateHidden" />
115-->src\main\AndroidManifest.xml:75:9-50
116        <activity
116-->src\main\AndroidManifest.xml:76:5-82:53
117            android:name="com.example.kingearnuser.Activity.WebActivity"
117-->src\main\AndroidManifest.xml:77:9-45
118            android:configChanges="orientation|screenSize|keyboardHidden|smallestScreenSize|screenLayout"
118-->src\main\AndroidManifest.xml:78:9-102
119            android:hardwareAccelerated="true"
119-->src\main\AndroidManifest.xml:79:9-43
120            android:screenOrientation="portrait"
120-->src\main\AndroidManifest.xml:81:9-45
121            android:supportsPictureInPicture="true"
121-->src\main\AndroidManifest.xml:80:9-48
122            android:windowSoftInputMode="stateHidden" />
122-->src\main\AndroidManifest.xml:82:9-50
123        <activity
123-->src\main\AndroidManifest.xml:83:5-89:53
124            android:name="com.example.kingearnuser.Activity.MembershipActivity"
124-->src\main\AndroidManifest.xml:84:9-52
125            android:configChanges="orientation|screenSize|keyboardHidden|smallestScreenSize|screenLayout"
125-->src\main\AndroidManifest.xml:85:9-102
126            android:hardwareAccelerated="true"
126-->src\main\AndroidManifest.xml:86:9-43
127            android:screenOrientation="portrait"
127-->src\main\AndroidManifest.xml:88:9-45
128            android:supportsPictureInPicture="true"
128-->src\main\AndroidManifest.xml:87:9-48
129            android:windowSoftInputMode="stateHidden" />
129-->src\main\AndroidManifest.xml:89:9-50
130        <activity
130-->src\main\AndroidManifest.xml:90:5-96:53
131            android:name="com.example.kingearnuser.Activity.CropimageActivity"
131-->src\main\AndroidManifest.xml:91:9-51
132            android:configChanges="orientation|screenSize|keyboardHidden|smallestScreenSize|screenLayout"
132-->src\main\AndroidManifest.xml:92:9-102
133            android:hardwareAccelerated="true"
133-->src\main\AndroidManifest.xml:93:9-43
134            android:screenOrientation="portrait"
134-->src\main\AndroidManifest.xml:95:9-45
135            android:supportsPictureInPicture="true"
135-->src\main\AndroidManifest.xml:94:9-48
136            android:windowSoftInputMode="stateHidden" />
136-->src\main\AndroidManifest.xml:96:9-50
137        <activity
137-->src\main\AndroidManifest.xml:97:5-103:53
138            android:name="com.example.kingearnuser.Activity.WalletActivity"
138-->src\main\AndroidManifest.xml:98:9-48
139            android:configChanges="orientation|screenSize|keyboardHidden|smallestScreenSize|screenLayout"
139-->src\main\AndroidManifest.xml:99:9-102
140            android:hardwareAccelerated="true"
140-->src\main\AndroidManifest.xml:100:9-43
141            android:screenOrientation="portrait"
141-->src\main\AndroidManifest.xml:102:9-45
142            android:supportsPictureInPicture="true"
142-->src\main\AndroidManifest.xml:101:9-48
143            android:windowSoftInputMode="stateHidden" />
143-->src\main\AndroidManifest.xml:103:9-50
144        <activity
144-->src\main\AndroidManifest.xml:104:5-110:53
145            android:name="com.example.kingearnuser.Activity.NotificationActivity"
145-->src\main\AndroidManifest.xml:105:9-54
146            android:configChanges="orientation|screenSize|keyboardHidden|smallestScreenSize|screenLayout"
146-->src\main\AndroidManifest.xml:106:9-102
147            android:hardwareAccelerated="true"
147-->src\main\AndroidManifest.xml:107:9-43
148            android:screenOrientation="portrait"
148-->src\main\AndroidManifest.xml:109:9-45
149            android:supportsPictureInPicture="true"
149-->src\main\AndroidManifest.xml:108:9-48
150            android:windowSoftInputMode="stateHidden" />
150-->src\main\AndroidManifest.xml:110:9-50
151        <activity
151-->src\main\AndroidManifest.xml:111:5-117:53
152            android:name="com.example.kingearnuser.Activity.Web2Activity"
152-->src\main\AndroidManifest.xml:112:9-46
153            android:configChanges="orientation|screenSize|keyboardHidden|smallestScreenSize|screenLayout"
153-->src\main\AndroidManifest.xml:113:9-102
154            android:hardwareAccelerated="true"
154-->src\main\AndroidManifest.xml:114:9-43
155            android:screenOrientation="portrait"
155-->src\main\AndroidManifest.xml:116:9-45
156            android:supportsPictureInPicture="true"
156-->src\main\AndroidManifest.xml:115:9-48
157            android:windowSoftInputMode="stateHidden" />
157-->src\main\AndroidManifest.xml:117:9-50
158        <activity
158-->src\main\AndroidManifest.xml:118:5-124:53
159            android:name="com.example.kingearnuser.Activity.HistoryActivity"
159-->src\main\AndroidManifest.xml:119:9-49
160            android:configChanges="orientation|screenSize|keyboardHidden|smallestScreenSize|screenLayout"
160-->src\main\AndroidManifest.xml:120:9-102
161            android:hardwareAccelerated="true"
161-->src\main\AndroidManifest.xml:121:9-43
162            android:screenOrientation="portrait"
162-->src\main\AndroidManifest.xml:123:9-45
163            android:supportsPictureInPicture="true"
163-->src\main\AndroidManifest.xml:122:9-48
164            android:windowSoftInputMode="stateHidden" />
164-->src\main\AndroidManifest.xml:124:9-50
165        <activity
165-->src\main\AndroidManifest.xml:125:9-131:57
166            android:name="com.example.kingearnuser.Activity.QuizActivity"
166-->src\main\AndroidManifest.xml:126:13-50
167            android:configChanges="orientation|screenSize|keyboardHidden|smallestScreenSize|screenLayout"
167-->src\main\AndroidManifest.xml:127:13-106
168            android:hardwareAccelerated="true"
168-->src\main\AndroidManifest.xml:128:13-47
169            android:screenOrientation="portrait"
169-->src\main\AndroidManifest.xml:130:13-49
170            android:supportsPictureInPicture="true"
170-->src\main\AndroidManifest.xml:129:13-52
171            android:windowSoftInputMode="stateHidden" />
171-->src\main\AndroidManifest.xml:131:13-54
172        <activity
172-->src\main\AndroidManifest.xml:132:5-135:60
173            android:name="com.google.android.gms.ads.AdActivity"
173-->src\main\AndroidManifest.xml:133:9-61
174            android:configChanges="keyboard|keyboardHidden|orientation|screenLayout|uiMode|screenSize|smallestScreenSize"
174-->src\main\AndroidManifest.xml:134:9-118
175            android:exported="false"
175-->[com.google.android.gms:play-services-ads-lite:23.0.0] AndroidManifest.xml:59:13-37
176            android:theme="@android:style/Theme.Translucent" />
176-->src\main\AndroidManifest.xml:135:9-57
177
178        <meta-data
178-->src\main\AndroidManifest.xml:136:5-138:65
179            android:name="com.google.android.gms.version"
179-->src\main\AndroidManifest.xml:137:9-54
180            android:value="@integer/google_play_services_version" />
180-->src\main\AndroidManifest.xml:138:9-62
181
182        <provider
182-->src\main\AndroidManifest.xml:139:5-144:47
183            android:name="com.google.firebase.provider.FirebaseInitProvider"
183-->src\main\AndroidManifest.xml:140:9-73
184            android:authorities="com.yourapp.firebaseinitprovider"
184-->src\main\AndroidManifest.xml:141:9-63
185            android:directBootAware="true"
185-->[com.google.firebase:firebase-common:20.4.2] AndroidManifest.xml:26:13-43
186            android:exported="false"
186-->src\main\AndroidManifest.xml:142:9-33
187            android:initOrder="100" />
187-->src\main\AndroidManifest.xml:143:9-32
188
189        <service
189-->src\main\AndroidManifest.xml:145:5-157:15
190            android:name="com.google.firebase.components.ComponentDiscoveryService"
190-->src\main\AndroidManifest.xml:146:9-80
191            android:directBootAware="true"
191-->[com.google.firebase:firebase-common:20.4.2] AndroidManifest.xml:32:13-43
192            android:exported="false" >
192-->src\main\AndroidManifest.xml:147:9-33
193            <meta-data
193-->src\main\AndroidManifest.xml:148:9-150:81
194                android:name="com.google.firebase.components:com.google.firebase.auth.FirebaseAuthRegistrar"
194-->src\main\AndroidManifest.xml:149:13-105
195                android:value="com.google.firebase.components.ComponentRegistrar" />
195-->src\main\AndroidManifest.xml:150:13-78
196            <meta-data
196-->src\main\AndroidManifest.xml:151:9-153:81
197                android:name="com.google.firebase.components:com.google.firebase.database.DatabaseRegistrar"
197-->src\main\AndroidManifest.xml:152:13-105
198                android:value="com.google.firebase.components.ComponentRegistrar" />
198-->src\main\AndroidManifest.xml:153:13-78
199            <meta-data
199-->src\main\AndroidManifest.xml:154:9-156:81
200                android:name="com.google.firebase.components:com.google.firebase.storage.StorageRegistrar"
200-->src\main\AndroidManifest.xml:155:13-103
201                android:value="com.google.firebase.components.ComponentRegistrar" />
201-->src\main\AndroidManifest.xml:156:13-78
202            <meta-data
202-->[com.google.firebase:firebase-database:20.3.0] AndroidManifest.xml:29:13-31:85
203                android:name="com.google.firebase.components:com.google.firebase.database.FirebaseDatabaseKtxRegistrar"
203-->[com.google.firebase:firebase-database:20.3.0] AndroidManifest.xml:30:17-120
204                android:value="com.google.firebase.components.ComponentRegistrar" />
204-->[com.google.firebase:firebase-database:20.3.0] AndroidManifest.xml:31:17-82
205            <meta-data
205-->[com.google.firebase:firebase-storage:20.3.0] AndroidManifest.xml:30:13-32:85
206                android:name="com.google.firebase.components:com.google.firebase.storage.FirebaseStorageKtxRegistrar"
206-->[com.google.firebase:firebase-storage:20.3.0] AndroidManifest.xml:31:17-118
207                android:value="com.google.firebase.components.ComponentRegistrar" />
207-->[com.google.firebase:firebase-storage:20.3.0] AndroidManifest.xml:32:17-82
208            <meta-data
208-->[com.google.firebase:firebase-appcheck:17.1.1] AndroidManifest.xml:25:13-27:85
209                android:name="com.google.firebase.components:com.google.firebase.appcheck.FirebaseAppCheckKtxRegistrar"
209-->[com.google.firebase:firebase-appcheck:17.1.1] AndroidManifest.xml:26:17-120
210                android:value="com.google.firebase.components.ComponentRegistrar" />
210-->[com.google.firebase:firebase-appcheck:17.1.1] AndroidManifest.xml:27:17-82
211            <meta-data
211-->[com.google.firebase:firebase-appcheck:17.1.1] AndroidManifest.xml:28:13-30:85
212                android:name="com.google.firebase.components:com.google.firebase.appcheck.FirebaseAppCheckRegistrar"
212-->[com.google.firebase:firebase-appcheck:17.1.1] AndroidManifest.xml:29:17-117
213                android:value="com.google.firebase.components.ComponentRegistrar" />
213-->[com.google.firebase:firebase-appcheck:17.1.1] AndroidManifest.xml:30:17-82
214            <meta-data
214-->[com.google.firebase:firebase-common-ktx:20.4.2] AndroidManifest.xml:12:13-14:85
215                android:name="com.google.firebase.components:com.google.firebase.ktx.FirebaseCommonLegacyRegistrar"
215-->[com.google.firebase:firebase-common-ktx:20.4.2] AndroidManifest.xml:13:17-116
216                android:value="com.google.firebase.components.ComponentRegistrar" />
216-->[com.google.firebase:firebase-common-ktx:20.4.2] AndroidManifest.xml:14:17-82
217            <meta-data
217-->[com.google.firebase:firebase-common:20.4.2] AndroidManifest.xml:35:13-37:85
218                android:name="com.google.firebase.components:com.google.firebase.FirebaseCommonKtxRegistrar"
218-->[com.google.firebase:firebase-common:20.4.2] AndroidManifest.xml:36:17-109
219                android:value="com.google.firebase.components.ComponentRegistrar" />
219-->[com.google.firebase:firebase-common:20.4.2] AndroidManifest.xml:37:17-82
220        </service>
221
222        <uses-library
222-->src\main\AndroidManifest.xml:158:5-160:36
223            android:name="org.apache.http.legacy"
223-->src\main\AndroidManifest.xml:159:9-46
224            android:required="false" />
224-->src\main\AndroidManifest.xml:160:9-33
225
226        <activity
226-->[com.google.firebase:firebase-auth:22.3.1] AndroidManifest.xml:29:9-46:20
227            android:name="com.google.firebase.auth.internal.GenericIdpActivity"
227-->[com.google.firebase:firebase-auth:22.3.1] AndroidManifest.xml:30:13-80
228            android:excludeFromRecents="true"
228-->[com.google.firebase:firebase-auth:22.3.1] AndroidManifest.xml:31:13-46
229            android:exported="true"
229-->[com.google.firebase:firebase-auth:22.3.1] AndroidManifest.xml:32:13-36
230            android:launchMode="singleTask"
230-->[com.google.firebase:firebase-auth:22.3.1] AndroidManifest.xml:33:13-44
231            android:theme="@android:style/Theme.Translucent.NoTitleBar" >
231-->[com.google.firebase:firebase-auth:22.3.1] AndroidManifest.xml:34:13-72
232            <intent-filter>
232-->[com.google.firebase:firebase-auth:22.3.1] AndroidManifest.xml:35:13-45:29
233                <action android:name="android.intent.action.VIEW" />
233-->[com.google.firebase:firebase-auth:22.3.1] AndroidManifest.xml:36:17-69
233-->[com.google.firebase:firebase-auth:22.3.1] AndroidManifest.xml:36:25-66
234
235                <category android:name="android.intent.category.DEFAULT" />
235-->[com.google.firebase:firebase-auth:22.3.1] AndroidManifest.xml:38:17-76
235-->[com.google.firebase:firebase-auth:22.3.1] AndroidManifest.xml:38:27-73
236                <category android:name="android.intent.category.BROWSABLE" />
236-->[com.google.firebase:firebase-auth:22.3.1] AndroidManifest.xml:39:17-78
236-->[com.google.firebase:firebase-auth:22.3.1] AndroidManifest.xml:39:27-75
237
238                <data
238-->[com.google.firebase:firebase-auth:22.3.1] AndroidManifest.xml:41:17-44:51
239                    android:host="firebase.auth"
239-->[com.google.firebase:firebase-auth:22.3.1] AndroidManifest.xml:42:21-49
240                    android:path="/"
240-->[com.google.firebase:firebase-auth:22.3.1] AndroidManifest.xml:43:21-37
241                    android:scheme="genericidp" />
241-->[com.google.firebase:firebase-auth:22.3.1] AndroidManifest.xml:44:21-48
242            </intent-filter>
243        </activity>
244        <activity
244-->[com.google.firebase:firebase-auth:22.3.1] AndroidManifest.xml:47:9-64:20
245            android:name="com.google.firebase.auth.internal.RecaptchaActivity"
245-->[com.google.firebase:firebase-auth:22.3.1] AndroidManifest.xml:48:13-79
246            android:excludeFromRecents="true"
246-->[com.google.firebase:firebase-auth:22.3.1] AndroidManifest.xml:49:13-46
247            android:exported="true"
247-->[com.google.firebase:firebase-auth:22.3.1] AndroidManifest.xml:50:13-36
248            android:launchMode="singleTask"
248-->[com.google.firebase:firebase-auth:22.3.1] AndroidManifest.xml:51:13-44
249            android:theme="@android:style/Theme.Translucent.NoTitleBar" >
249-->[com.google.firebase:firebase-auth:22.3.1] AndroidManifest.xml:52:13-72
250            <intent-filter>
250-->[com.google.firebase:firebase-auth:22.3.1] AndroidManifest.xml:53:13-63:29
251                <action android:name="android.intent.action.VIEW" />
251-->[com.google.firebase:firebase-auth:22.3.1] AndroidManifest.xml:36:17-69
251-->[com.google.firebase:firebase-auth:22.3.1] AndroidManifest.xml:36:25-66
252
253                <category android:name="android.intent.category.DEFAULT" />
253-->[com.google.firebase:firebase-auth:22.3.1] AndroidManifest.xml:38:17-76
253-->[com.google.firebase:firebase-auth:22.3.1] AndroidManifest.xml:38:27-73
254                <category android:name="android.intent.category.BROWSABLE" />
254-->[com.google.firebase:firebase-auth:22.3.1] AndroidManifest.xml:39:17-78
254-->[com.google.firebase:firebase-auth:22.3.1] AndroidManifest.xml:39:27-75
255
256                <data
256-->[com.google.firebase:firebase-auth:22.3.1] AndroidManifest.xml:41:17-44:51
257                    android:host="firebase.auth"
257-->[com.google.firebase:firebase-auth:22.3.1] AndroidManifest.xml:42:21-49
258                    android:path="/"
258-->[com.google.firebase:firebase-auth:22.3.1] AndroidManifest.xml:43:21-37
259                    android:scheme="recaptcha" />
259-->[com.google.firebase:firebase-auth:22.3.1] AndroidManifest.xml:44:21-48
260            </intent-filter>
261        </activity>
262
263        <provider
263-->[com.google.android.gms:play-services-ads-lite:23.0.0] AndroidManifest.xml:63:9-68:43
264            android:name="com.google.android.gms.ads.MobileAdsInitProvider"
264-->[com.google.android.gms:play-services-ads-lite:23.0.0] AndroidManifest.xml:64:13-76
265            android:authorities="com.example.kingearnuser.mobileadsinitprovider"
265-->[com.google.android.gms:play-services-ads-lite:23.0.0] AndroidManifest.xml:65:13-73
266            android:exported="false"
266-->[com.google.android.gms:play-services-ads-lite:23.0.0] AndroidManifest.xml:66:13-37
267            android:initOrder="100" />
267-->[com.google.android.gms:play-services-ads-lite:23.0.0] AndroidManifest.xml:67:13-36
268
269        <service
269-->[com.google.android.gms:play-services-ads-lite:23.0.0] AndroidManifest.xml:70:9-74:43
270            android:name="com.google.android.gms.ads.AdService"
270-->[com.google.android.gms:play-services-ads-lite:23.0.0] AndroidManifest.xml:71:13-64
271            android:enabled="true"
271-->[com.google.android.gms:play-services-ads-lite:23.0.0] AndroidManifest.xml:72:13-35
272            android:exported="false" />
272-->[com.google.android.gms:play-services-ads-lite:23.0.0] AndroidManifest.xml:73:13-37
273
274        <activity
274-->[com.google.android.gms:play-services-ads-lite:23.0.0] AndroidManifest.xml:76:9-80:43
275            android:name="com.google.android.gms.ads.OutOfContextTestingActivity"
275-->[com.google.android.gms:play-services-ads-lite:23.0.0] AndroidManifest.xml:77:13-82
276            android:configChanges="keyboard|keyboardHidden|orientation|screenLayout|uiMode|screenSize|smallestScreenSize"
276-->[com.google.android.gms:play-services-ads-lite:23.0.0] AndroidManifest.xml:78:13-122
277            android:exported="false" />
277-->[com.google.android.gms:play-services-ads-lite:23.0.0] AndroidManifest.xml:79:13-37
278        <activity
278-->[com.google.android.gms:play-services-ads-lite:23.0.0] AndroidManifest.xml:81:9-88:43
279            android:name="com.google.android.gms.ads.NotificationHandlerActivity"
279-->[com.google.android.gms:play-services-ads-lite:23.0.0] AndroidManifest.xml:82:13-82
280            android:excludeFromRecents="true"